node:events:368
      throw er; // Unhandled 'error' event
      ^

Error: ENOENT: no such file or directory, stat './i/'
    at Object.statSync (node:fs:1536:3)
    at __node_internal_ (node:internal/fs/utils:793:8)
    at Object.rmSync (node:fs:1211:13)
    at Job.resetIPLists [as job] (/root/thehivemind/app.js:274:5)
    at Job.invoke (/root/node_modules/node-schedule/lib/Job.js:168:15)
    at /root/node_modules/node-schedule/lib/Invocation.js:268:28
    at Timeout._onTimeout (/root/node_modules/node-schedule/lib/Invocation.js:228:7)
    at listOnTimeout (node:internal/timers:557:17)
    at processTimers (node:internal/timers:500:7)
Emitted 'error' event on Job instance at:
    at /root/node_modules/node-schedule/lib/Invocation.js:277:13
    at Timeout._onTimeout (/root/node_modules/node-schedule/lib/Invocation.js:228:7)
    at listOnTimeout (node:internal/timers:557:17)
    at processTimers (node:internal/timers:500:7) {
  errno: -2,
  syscall: 'stat',
  code: 'ENOENT',
  path: './i/'
}
